Determining if the pthread_create exist failed with the following output:
Change Dir: /home/jean-neige/COURS/M1/CPOA/ProjCPOA_Init/InterfaceCSG/CMakeFiles/CMakeTmp

Run Build Command:"/usr/bin/make" "cmTC_7ef5e/fast"
/usr/bin/make -f CMakeFiles/cmTC_7ef5e.dir/build.make CMakeFiles/cmTC_7ef5e.dir/build
make[1] : on entre dans le répertoire « /home/jean-neige/COURS/M1/CPOA/ProjCPOA_Init/InterfaceCSG/CMakeFiles/CMakeTmp »
Building C object CMakeFiles/cmTC_7ef5e.dir/CheckSymbolExists.c.o
/usr/bin/cc     -o CMakeFiles/cmTC_7ef5e.dir/CheckSymbolExists.c.o   -c /home/jean-neige/COURS/M1/CPOA/ProjCPOA_Init/InterfaceCSG/CMakeFiles/CMakeTmp/CheckSymbolExists.c
Linking C executable cmTC_7ef5e
/usr/bin/cmake -E cmake_link_script CMakeFiles/cmTC_7ef5e.dir/link.txt --verbose=1
/usr/bin/cc       CMakeFiles/cmTC_7ef5e.dir/CheckSymbolExists.c.o  -o cmTC_7ef5e -rdynamic 
CMakeFiles/cmTC_7ef5e.dir/CheckSymbolExists.c.o : Dans la fonction « main » :
CheckSymbolExists.c:(.text+0x16) : référence indéfinie vers « pthread_create »
collect2: error: ld returned 1 exit status
CMakeFiles/cmTC_7ef5e.dir/build.make:97 : la recette pour la cible « cmTC_7ef5e » a échouée
make[1]: *** [cmTC_7ef5e] Erreur 1
make[1] : on quitte le répertoire « /home/jean-neige/COURS/M1/CPOA/ProjCPOA_Init/InterfaceCSG/CMakeFiles/CMakeTmp »
Makefile:126 : la recette pour la cible « cmTC_7ef5e/fast » a échouée
make: *** [cmTC_7ef5e/fast] Erreur 2

File /home/jean-neige/COURS/M1/CPOA/ProjCPOA_Init/InterfaceCSG/CMakeFiles/CMakeTmp/CheckSymbolExists.c:
/* */
#include <pthread.h>

int main(int argc, char** argv)
{
  (void)argv;
#ifndef pthread_create
  return ((int*)(&pthread_create))[argc];
#else
  (void)argc;
  return 0;
#endif
}

Determining if the function pthread_create exists in the pthreads failed with the following output:
Change Dir: /home/jean-neige/COURS/M1/CPOA/ProjCPOA_Init/InterfaceCSG/CMakeFiles/CMakeTmp

Run Build Command:"/usr/bin/make" "cmTC_bdd8e/fast"
/usr/bin/make -f CMakeFiles/cmTC_bdd8e.dir/build.make CMakeFiles/cmTC_bdd8e.dir/build
make[1] : on entre dans le répertoire « /home/jean-neige/COURS/M1/CPOA/ProjCPOA_Init/InterfaceCSG/CMakeFiles/CMakeTmp »
Building C object CMakeFiles/cmTC_bdd8e.dir/CheckFunctionExists.c.o
/usr/bin/cc    -DCHECK_FUNCTION_EXISTS=pthread_create   -o CMakeFiles/cmTC_bdd8e.dir/CheckFunctionExists.c.o   -c /usr/share/cmake-3.5/Modules/CheckFunctionExists.c
Linking C executable cmTC_bdd8e
/usr/bin/cmake -E cmake_link_script CMakeFiles/cmTC_bdd8e.dir/link.txt --verbose=1
/usr/bin/cc   -DCHECK_FUNCTION_EXISTS=pthread_create    CMakeFiles/cmTC_bdd8e.dir/CheckFunctionExists.c.o  -o cmTC_bdd8e -rdynamic -lpthreads 
/usr/bin/ld : ne peut trouver -lpthreads
collect2: error: ld returned 1 exit status
CMakeFiles/cmTC_bdd8e.dir/build.make:97 : la recette pour la cible « cmTC_bdd8e » a échouée
make[1]: *** [cmTC_bdd8e] Erreur 1
make[1] : on quitte le répertoire « /home/jean-neige/COURS/M1/CPOA/ProjCPOA_Init/InterfaceCSG/CMakeFiles/CMakeTmp »
Makefile:126 : la recette pour la cible « cmTC_bdd8e/fast » a échouée
make: *** [cmTC_bdd8e/fast] Erreur 2


