Determining if the pthread_create exist failed with the following output:
Change Dir: /home/jean-neige/COURS/M1/CPOA/Projet_CPOA/CMakeFiles/CMakeTmp

Run Build Command:"/usr/bin/make" "cmTC_9f380/fast"
/usr/bin/make -f CMakeFiles/cmTC_9f380.dir/build.make CMakeFiles/cmTC_9f380.dir/build
make[1] : on entre dans le répertoire « /home/jean-neige/COURS/M1/CPOA/Projet_CPOA/CMakeFiles/CMakeTmp »
Building C object CMakeFiles/cmTC_9f380.dir/CheckSymbolExists.c.o
/usr/bin/cc     -o CMakeFiles/cmTC_9f380.dir/CheckSymbolExists.c.o   -c /home/jean-neige/COURS/M1/CPOA/Projet_CPOA/CMakeFiles/CMakeTmp/CheckSymbolExists.c
Linking C executable cmTC_9f380
/usr/bin/cmake -E cmake_link_script CMakeFiles/cmTC_9f380.dir/link.txt --verbose=1
/usr/bin/cc       CMakeFiles/cmTC_9f380.dir/CheckSymbolExists.c.o  -o cmTC_9f380 -rdynamic 
CMakeFiles/cmTC_9f380.dir/CheckSymbolExists.c.o : Dans la fonction « main » :
CheckSymbolExists.c:(.text+0x16) : référence indéfinie vers « pthread_create »
collect2: error: ld returned 1 exit status
CMakeFiles/cmTC_9f380.dir/build.make:97 : la recette pour la cible « cmTC_9f380 » a échouée
make[1]: *** [cmTC_9f380] Erreur 1
make[1] : on quitte le répertoire « /home/jean-neige/COURS/M1/CPOA/Projet_CPOA/CMakeFiles/CMakeTmp »
Makefile:126 : la recette pour la cible « cmTC_9f380/fast » a échouée
make: *** [cmTC_9f380/fast] Erreur 2

File /home/jean-neige/COURS/M1/CPOA/Projet_CPOA/CMakeFiles/CMakeTmp/CheckSymbolExists.c:
/* */
#include <pthread.h>

int main(int argc, char** argv)
{
  (void)argv;
#ifndef pthread_create
  return ((int*)(&pthread_create))[argc];
#else
  (void)argc;
  return 0;
#endif
}

Determining if the function pthread_create exists in the pthreads failed with the following output:
Change Dir: /home/jean-neige/COURS/M1/CPOA/Projet_CPOA/CMakeFiles/CMakeTmp

Run Build Command:"/usr/bin/make" "cmTC_52b85/fast"
/usr/bin/make -f CMakeFiles/cmTC_52b85.dir/build.make CMakeFiles/cmTC_52b85.dir/build
make[1] : on entre dans le répertoire « /home/jean-neige/COURS/M1/CPOA/Projet_CPOA/CMakeFiles/CMakeTmp »
Building C object CMakeFiles/cmTC_52b85.dir/CheckFunctionExists.c.o
/usr/bin/cc    -DCHECK_FUNCTION_EXISTS=pthread_create   -o CMakeFiles/cmTC_52b85.dir/CheckFunctionExists.c.o   -c /usr/share/cmake-3.5/Modules/CheckFunctionExists.c
Linking C executable cmTC_52b85
/usr/bin/cmake -E cmake_link_script CMakeFiles/cmTC_52b85.dir/link.txt --verbose=1
/usr/bin/cc   -DCHECK_FUNCTION_EXISTS=pthread_create    CMakeFiles/cmTC_52b85.dir/CheckFunctionExists.c.o  -o cmTC_52b85 -rdynamic -lpthreads 
/usr/bin/ld : ne peut trouver -lpthreads
collect2: error: ld returned 1 exit status
CMakeFiles/cmTC_52b85.dir/build.make:97 : la recette pour la cible « cmTC_52b85 » a échouée
make[1]: *** [cmTC_52b85] Erreur 1
make[1] : on quitte le répertoire « /home/jean-neige/COURS/M1/CPOA/Projet_CPOA/CMakeFiles/CMakeTmp »
Makefile:126 : la recette pour la cible « cmTC_52b85/fast » a échouée
make: *** [cmTC_52b85/fast] Erreur 2


